<?xml version="1.0" encoding="UTF-8"?>
<testsuite name="qa.kurs.adressbook.tests.ContactEmailTests" tests="1" skipped="0" failures="0" errors="0" timestamp="2017-11-08T07:57:01" hostname="DESKTOP-28P1P5D" time="1.781">
  <properties/>
  <testcase name="testContactEmail" classname="qa.kurs.adressbook.tests.ContactEmailTests" time="1.781"/>
  <system-out><![CDATA[]]></system-out>
  <system-err><![CDATA[]]></system-err>
</testsuite>
