<?xml version="1.0" encoding="UTF-8"?>
<testsuite name="qa.kurs.adressbook.tests.GroupDeletionTest" tests="1" skipped="0" failures="0" errors="0" timestamp="2017-11-08T07:57:15" hostname="DESKTOP-28P1P5D" time="1.434">
  <properties/>
  <testcase name="testGroupDeletion" classname="qa.kurs.adressbook.tests.GroupDeletionTest" time="1.434"/>
  <system-out><![CDATA[]]></system-out>
  <system-err><![CDATA[]]></system-err>
</testsuite>
