<?xml version="1.0" encoding="UTF-8"?>
<testsuite name="qa.kurs.adressbook.tests.ContactPhoneTests" tests="1" skipped="0" failures="0" errors="0" timestamp="2017-11-08T07:57:03" hostname="DESKTOP-28P1P5D" time="3.367">
  <properties/>
  <testcase name="testContactPhones" classname="qa.kurs.adressbook.tests.ContactPhoneTests" time="3.367"/>
  <system-out><![CDATA[]]></system-out>
  <system-err><![CDATA[]]></system-err>
</testsuite>
