<?xml version="1.0" encoding="UTF-8"?>
<testsuite name="qa.kurs.adressbook.tests.GroupCreatingTest" tests="4" skipped="0" failures="0" errors="0" timestamp="2017-11-08T07:57:06" hostname="DESKTOP-28P1P5D" time="9.157">
  <properties/>
  <testcase name="testGroupCreation[0](GroupData{id='2147483647', name='test 0'})" classname="qa.kurs.adressbook.tests.GroupCreatingTest" time="3.142"/>
  <testcase name="testGroupCreation[1](GroupData{id='2147483647', name='test 1'})" classname="qa.kurs.adressbook.tests.GroupCreatingTest" time="1.988"/>
  <testcase name="testGroupCreation[2](GroupData{id='2147483647', name='test 2'})" classname="qa.kurs.adressbook.tests.GroupCreatingTest" time="1.93"/>
  <testcase name="testGroupCreation[3](GroupData{id='2147483647', name='test 3'})" classname="qa.kurs.adressbook.tests.GroupCreatingTest" time="2.095"/>
  <system-out><![CDATA[]]></system-out>
  <system-err><![CDATA[]]></system-err>
</testsuite>
