<?xml version="1.0" encoding="UTF-8"?>
<testsuite name="qa.kurs.adressbook.tests.ContactEditionTest" tests="1" skipped="0" failures="0" errors="0" timestamp="2017-11-08T07:56:55" hostname="DESKTOP-28P1P5D" time="5.455">
  <properties/>
  <testcase name="testContactModification" classname="qa.kurs.adressbook.tests.ContactEditionTest" time="5.455"/>
  <system-out><![CDATA[]]></system-out>
  <system-err><![CDATA[]]></system-err>
</testsuite>
