<?xml version="1.0" encoding="UTF-8"?>
<testsuite name="qa.kurs.adressbook.tests.ContactCreatingTest" tests="4" skipped="0" failures="0" errors="0" timestamp="2017-11-08T07:56:23" hostname="DESKTOP-28P1P5D" time="24.726">
  <properties/>
  <testcase name="testContactCreation[0](ContactData{id='2147483647', firstName='Imie 0', lastName='Nazwisko 0'})" classname="qa.kurs.adressbook.tests.ContactCreatingTest" time="7.173"/>
  <testcase name="testContactCreation[1](ContactData{id='2147483647', firstName='Imie 1', lastName='Nazwisko 1'})" classname="qa.kurs.adressbook.tests.ContactCreatingTest" time="5.744"/>
  <testcase name="testContactCreation[2](ContactData{id='2147483647', firstName='Imie 2', lastName='Nazwisko 2'})" classname="qa.kurs.adressbook.tests.ContactCreatingTest" time="5.959"/>
  <testcase name="testContactCreation[3](ContactData{id='2147483647', firstName='Imie 3', lastName='Nazwisko 3'})" classname="qa.kurs.adressbook.tests.ContactCreatingTest" time="5.849"/>
  <system-out><![CDATA[]]></system-out>
  <system-err><![CDATA[]]></system-err>
</testsuite>
