<?xml version="1.0" encoding="UTF-8"?>
<testsuite name="qa.kurs.adressbook.tests.EquationTest" tests="6" skipped="0" failures="0" errors="0" timestamp="2017-11-08T07:57:06" hostname="DESKTOP-28P1P5D" time="0.003">
  <properties/>
  <testcase name="test0" classname="qa.kurs.adressbook.tests.EquationTest" time="0.001"/>
  <testcase name="test1" classname="qa.kurs.adressbook.tests.EquationTest" time="0.0"/>
  <testcase name="test2" classname="qa.kurs.adressbook.tests.EquationTest" time="0.0"/>
  <testcase name="testConstant" classname="qa.kurs.adressbook.tests.EquationTest" time="0.001"/>
  <testcase name="testLinear" classname="qa.kurs.adressbook.tests.EquationTest" time="0.0"/>
  <testcase name="testZero" classname="qa.kurs.adressbook.tests.EquationTest" time="0.0"/>
  <system-out><![CDATA[]]></system-out>
  <system-err><![CDATA[]]></system-err>
</testsuite>
