<?xml version="1.0" encoding="UTF-8"?>
<testsuite name="qa.kurs.adressbook.tests.GroupModificationTest" tests="1" skipped="0" failures="0" errors="0" timestamp="2017-11-08T07:57:17" hostname="DESKTOP-28P1P5D" time="1.919">
  <properties/>
  <testcase name="testGroupModification" classname="qa.kurs.adressbook.tests.GroupModificationTest" time="1.919"/>
  <system-out><![CDATA[]]></system-out>
  <system-err><![CDATA[]]></system-err>
</testsuite>
